<?xml version="1.0" encoding="UTF-8"?>
<!-- Generated by org.testng.reporters.JUnitReportReporter -->
<testsuite hostname="DESKTOP-44M0S3V" failures="0" tests="2" name="Group_ID.Artifact_ID.AppiumTest" time="0.030" errors="0" timestamp="2022-08-03T09:57:36 GMT-05:00" skipped="0">
  <testcase classname="Group_ID.Artifact_ID.AppiumTest" name="AndriodApp" time="0.027"/>
  <system-out/>
  <testcase classname="Group_ID.Artifact_ID.AppiumTest" name="IOSApp" time="0.003"/>
  <system-out/>
</testsuite> <!-- Group_ID.Artifact_ID.AppiumTest -->
