<?xml version="1.0" encoding="UTF-8"?>
<!-- Generated by org.testng.reporters.JUnitReportReporter -->
<testsuite hostname="DESKTOP-44M0S3V" failures="0" tests="2" name="Group_ID.Artifact_ID.RestAPITest" time="0.010" errors="0" timestamp="2022-08-03T09:57:36 GMT-05:00" skipped="0">
  <testcase classname="Group_ID.Artifact_ID.RestAPITest" name="DeleteTwitter" time="0.005"/>
  <system-out/>
  <testcase classname="Group_ID.Artifact_ID.RestAPITest" name="PostJira" time="0.005"/>
  <system-out/>
</testsuite> <!-- Group_ID.Artifact_ID.RestAPITest -->
