<?xml version="1.0" encoding="UTF-8"?>
<!-- Generated by org.testng.reporters.JUnitReportReporter -->
<testsuite hostname="DESKTOP-44M0S3V" failures="0" tests="1" name="Package.TetsCases" time="10.961" errors="0" timestamp="2022-08-09T10:36:49 GMT-05:00" skipped="0">
  <testcase classname="Package.TetsCases" name="HomePage" time="10.961"/>
  <system-out/>
</testsuite> <!-- Package.TetsCases -->
