<?xml version="1.0" encoding="UTF-8"?>
<!-- Generated by org.testng.reporters.JUnitReportReporter -->
<testsuite hostname="DESKTOP-44M0S3V" failures="0" tests="1" name="Runner.TestNG_Runner" time="17.685" errors="0" timestamp="2022-08-20T16:39:17 GMT-05:00" skipped="0">
  <testcase classname="Runner.TestNG_Runner" name="runScenario" time="17.685"/>
  <system-out/>
</testsuite> <!-- Runner.TestNG_Runner -->
